E:\PROJECT\GITHUB\4LANHTTP\DEMO\MINWEB\DEBUG\MINWEB.PCH
E:\PROJECT\GITHUB\4LANHTTP\DEMO\MINWEB\DEBUG\STDAFX.OBJ
E:\PROJECT\GITHUB\4LANHTTP\DEMO\MINWEB\DEBUG\VC110.PDB
E:\PROJECT\GITHUB\4LANHTTP\DEMO\MINWEB\DEBUG\CIOPOOL.OBJ
E:\PROJECT\GITHUB\4LANHTTP\DEMO\MINWEB\DEBUG\HTTP.OBJ
E:\PROJECT\GITHUB\4LANHTTP\DEMO\MINWEB\DEBUG\HTTPCLIENT.OBJ
E:\PROJECT\GITHUB\4LANHTTP\DEMO\MINWEB\DEBUG\MINWEB.OBJ
E:\PROJECT\GITHUB\4LANHTTP\DEMO\MINWEB\DEBUG\WEBLIB.OBJ
E:\PROJECT\GITHUB\4LANHTTP\DEMO\DEBUG\MINWEB.ILK
E:\PROJECT\GITHUB\4LANHTTP\DEMO\DEBUG\MINWEB.EXE
E:\PROJECT\GITHUB\4LANHTTP\DEMO\DEBUG\MINWEB.PDB
E:\project\github\4lanHttp\demo\minWeb\Debug\CIoPool.obj
E:\project\github\4lanHttp\demo\minWeb\Debug\Http.obj
E:\project\github\4lanHttp\demo\minWeb\Debug\HttpClient.obj
E:\project\github\4lanHttp\demo\minWeb\Debug\minWeb.obj
E:\project\github\4lanHttp\demo\minWeb\Debug\stdafx.obj
E:\project\github\4lanHttp\demo\minWeb\Debug\weblib.obj
E:\project\github\4lanHttp\demo\minWeb\Debug\cl.command.1.tlog
E:\project\github\4lanHttp\demo\minWeb\Debug\CL.read.1.tlog
E:\project\github\4lanHttp\demo\minWeb\Debug\CL.write.1.tlog
E:\project\github\4lanHttp\demo\minWeb\Debug\link-cvtres.read.1.tlog
E:\project\github\4lanHttp\demo\minWeb\Debug\link-cvtres.write.1.tlog
E:\project\github\4lanHttp\demo\minWeb\Debug\link-rc.read.1.tlog
E:\project\github\4lanHttp\demo\minWeb\Debug\link-rc.write.1.tlog
E:\project\github\4lanHttp\demo\minWeb\Debug\link.command.1.tlog
E:\project\github\4lanHttp\demo\minWeb\Debug\link.read.1.tlog
E:\project\github\4lanHttp\demo\minWeb\Debug\link.write.1.tlog
E:\project\github\4lanHttp\demo\minWeb\Debug\minWeb.pch
E:\project\github\4lanHttp\demo\minWeb\Debug\vc110.idb
E:\project\github\4lanHttp\demo\minWeb\Debug\vc110.pdb
E:\project\github\4lanHttp\demo\Debug\minWeb.pdb
E:\project\github\4lanHttp\demo\Debug\minWeb.exe
E:\project\github\4lanHttp\demo\Debug\minWeb.ilk
